<?xml version="1.0" encoding="UTF-8"?>
<!-- Generated by org.testng.reporters.JUnitReportReporter -->
<testsuite hostname="SF-LAP-430" failures="0" tests="1" name="com.qa.orange.testcases.LoginPageTest" time="6.295" errors="0" timestamp="07 Sep 2022 04:23:53 GMT" skipped="0">
  <testcase classname="com.qa.orange.testcases.LoginPageTest" name="validLogin" time="6.295"/>
</testsuite> <!-- com.qa.orange.testcases.LoginPageTest -->
