<?xml version="1.0" encoding="UTF-8"?>
<!-- Generated by org.testng.reporters.JUnitReportReporter -->
<testsuite hostname="SF-LAP-430" failures="0" tests="1" name="com.qa.orange.testcases.InvalidLoginTest" time="13.307" errors="0" timestamp="07 Sep 2022 12:04:35 GMT" skipped="0">
  <testcase classname="com.qa.orange.testcases.InvalidLoginTest" name="validLogin" time="13.307"/>
</testsuite> <!-- com.qa.orange.testcases.InvalidLoginTest -->
