<?xml version="1.0" encoding="UTF-8"?>
<!-- Generated by org.testng.reporters.JUnitReportReporter -->
<testsuite hostname="SF-LAP-430" failures="0" tests="1" name="com.qa.orange.testcases.InvalidLoginTest" time="13.285" errors="0" timestamp="15 Sep 2022 13:17:36 GMT" skipped="0">
  <testcase classname="com.qa.orange.testcases.InvalidLoginTest" name="validLogin" time="13.285"/>
</testsuite> <!-- com.qa.orange.testcases.InvalidLoginTest -->
