<?xml version="1.0" encoding="UTF-8"?>
<!-- Generated by org.testng.reporters.JUnitReportReporter -->
<testsuite hostname="SF-LAP-430" failures="0" tests="1" name="com.qa.orange.testcases.LoginPageTest" time="6.929" errors="0" timestamp="08 Sep 2022 09:08:47 GMT" skipped="0">
  <testcase classname="com.qa.orange.testcases.LoginPageTest" name="validLogin" time="6.929"/>
</testsuite> <!-- com.qa.orange.testcases.LoginPageTest -->
